Mar-31 11:19:48.371 [main] DEBUG nextflow.cli.Launcher - $> nextflow run main.nf -stub
Mar-31 11:19:48.493 [main] DEBUG nextflow.cli.CmdRun - N E X T F L O W  ~  version 25.10.4
Mar-31 11:19:48.540 [main] DEBUG nextflow.plugin.PluginsFacade - Setting up plugin manager > mode=prod; embedded=false; plugins-dir=/home/luana/.nextflow/plugins; core-plugins: nf-amazon@3.4.4,nf-azure@1.20.2,nf-cloudcache@0.5.0,nf-codecommit@0.5.0,nf-console@1.3.0,nf-google@1.23.5,nf-k8s@1.2.2,nf-tower@1.17.5,nf-wave@1.16.1
Mar-31 11:19:48.582 [main] INFO  o.pf4j.DefaultPluginStatusProvider - Enabled plugins: []
Mar-31 11:19:48.583 [main] INFO  o.pf4j.DefaultPluginStatusProvider - Disabled plugins: []
Mar-31 11:19:48.588 [main] INFO  org.pf4j.DefaultPluginManager - PF4J version 3.12.0 in 'deployment' mode
Mar-31 11:19:48.617 [main] DEBUG nextflow.util.RetryConfig - Missing nextflow session - using default retry config
Mar-31 11:19:48.851 [main] INFO  org.pf4j.AbstractPluginManager - No plugins
Mar-31 11:19:48.899 [main] DEBUG nextflow.config.ConfigBuilder - Found config local: /home/luana/Workspace/Giotto-TDA/nextflow.config
Mar-31 11:19:48.904 [main] DEBUG nextflow.config.ConfigBuilder - Parsing config file: /home/luana/Workspace/Giotto-TDA/nextflow.config
Mar-31 11:19:48.947 [main] DEBUG nextflow.config.ConfigBuilder - Applying config profile: `standard`
Mar-31 11:19:50.196 [main] DEBUG nextflow.plugin.PluginsFacade - Plugins default=[]
Mar-31 11:19:50.197 [main] DEBUG nextflow.plugin.PluginsFacade - Plugins resolved requirement=[]
Mar-31 11:19:50.220 [main] DEBUG n.secret.LocalSecretsProvider - Secrets store: /home/luana/.nextflow/secrets/store.json
Mar-31 11:19:50.225 [main] DEBUG nextflow.secret.SecretsLoader - Discovered secrets providers: [nextflow.secret.LocalSecretsProvider@2abbd0d9] - activable => nextflow.secret.LocalSecretsProvider@2abbd0d9
Mar-31 11:19:50.226 [main] DEBUG nextflow.cli.CmdRun - Config file used secrets -- reloading config with secrets provider
Mar-31 11:19:50.228 [main] DEBUG nextflow.config.ConfigBuilder - Found config local: /home/luana/Workspace/Giotto-TDA/nextflow.config
Mar-31 11:19:50.230 [main] DEBUG nextflow.config.ConfigBuilder - Parsing config file: /home/luana/Workspace/Giotto-TDA/nextflow.config
Mar-31 11:19:50.235 [main] DEBUG nextflow.config.ConfigBuilder - Applying config profile: `standard`
Mar-31 11:19:50.471 [main] DEBUG nextflow.cli.CmdRun - Applied DSL=2 from script declaration
Mar-31 11:19:50.492 [main] DEBUG nextflow.cli.CmdRun - Launching `main.nf` [festering_goldstine] DSL2 - revision: 287f63fac9
Mar-31 11:19:50.601 [main] DEBUG nextflow.Session - Session UUID: 6ec1a971-b227-4c51-99a7-47c68989e964
Mar-31 11:19:50.602 [main] DEBUG nextflow.Session - Run name: festering_goldstine
Mar-31 11:19:50.602 [main] DEBUG nextflow.Session - Executor pool size: 12
Mar-31 11:19:50.616 [main] DEBUG nextflow.file.FilePorter - File porter settings maxRetries=3; maxTransfers=50; pollTimeout=null
Mar-31 11:19:50.625 [main] DEBUG nextflow.util.ThreadPoolBuilder - Creating thread pool 'FileTransfer' minSize=10; maxSize=36; workQueue=LinkedBlockingQueue[-1]; allowCoreThreadTimeout=false
Mar-31 11:19:50.667 [main] DEBUG nextflow.cli.CmdRun - 
  Version: 25.10.4 build 11173
  Created: 10-02-2026 15:17 UTC (16:17 CEST)
  System: Linux 6.8.0-106-generic
  Runtime: Groovy 4.0.28 on OpenJDK 64-Bit Server VM 21.0.10+7-Ubuntu-122.04
  Encoding: UTF-8 (UTF-8)
  Process: 219662@luana-IdeaPad-3-15ALC6 [127.0.1.1]
  CPUs: 12 - Mem: 13.5 GB (372 MB) - Swap: 2 GB (94 MB)
Mar-31 11:19:50.697 [main] DEBUG nextflow.Session - Work-dir: /home/luana/Workspace/Giotto-TDA/work [ext2/ext3]
Mar-31 11:19:50.739 [main] DEBUG nextflow.executor.ExecutorFactory - Extension executors providers=[]
Mar-31 11:19:50.755 [main] DEBUG nextflow.Session - Observer factory (v2): LinObserverFactory
Mar-31 11:19:50.761 [main] DEBUG nextflow.Session - Observer factory (v2): DefaultObserverFactory
Mar-31 11:19:50.835 [main] DEBUG nextflow.cache.CacheFactory - Using Nextflow cache factory: nextflow.cache.DefaultCacheFactory
Mar-31 11:19:50.851 [main] DEBUG nextflow.util.CustomThreadPool - Creating default thread pool > poolSize: 13; maxThreads: 1000
Mar-31 11:19:50.950 [main] DEBUG nextflow.Session - Session start
Mar-31 11:19:50.959 [main] DEBUG nextflow.trace.TraceFileObserver - Workflow started -- trace file: ./results/reports/execution_trace_2026-03-31_11-19-50.txt
Mar-31 11:19:51.282 [main] DEBUG nextflow.script.ScriptRunner - > Launching execution
Mar-31 11:19:51.835 [main] DEBUG n.script.dsl.ProcessConfigBuilder - Config settings `withLabel:process_low` matches labels `process_low` for process with name LOAD_DATA
Mar-31 11:19:51.840 [main] DEBUG nextflow.executor.ExecutorFactory - << taskConfig executor: null
Mar-31 11:19:51.841 [main] DEBUG nextflow.executor.ExecutorFactory - >> processorType: 'local'
Mar-31 11:19:51.859 [main] DEBUG nextflow.executor.Executor - [warm up] executor > local
Mar-31 11:19:51.871 [main] DEBUG n.processor.LocalPollingMonitor - Creating local task monitor for executor 'local' > cpus=12; memory=13.5 GB; capacity=12; pollInterval=100ms; dumpInterval=5m
Mar-31 11:19:51.875 [main] DEBUG n.processor.TaskPollingMonitor - >>> barrier register (monitor: local)
Mar-31 11:19:51.912 [main] DEBUG nextflow.processor.TaskProcessor - Creating process 'LOAD_DATA': maxForks=0; fair=false; array=0
Mar-31 11:19:52.046 [main] DEBUG n.script.dsl.ProcessConfigBuilder - Config settings `withLabel:process_low` matches labels `process_low` for process with name QC_FILTER
Mar-31 11:19:52.047 [main] DEBUG nextflow.executor.ExecutorFactory - << taskConfig executor: null
Mar-31 11:19:52.048 [main] DEBUG nextflow.executor.ExecutorFactory - >> processorType: 'local'
Mar-31 11:19:52.049 [main] DEBUG nextflow.processor.TaskProcessor - Creating process 'QC_FILTER': maxForks=0; fair=false; array=0
Mar-31 11:19:52.057 [main] DEBUG n.script.dsl.ProcessConfigBuilder - Config settings `withLabel:process_medium` matches labels `process_medium` for process with name NORMALIZE_HVG
Mar-31 11:19:52.059 [main] DEBUG nextflow.executor.ExecutorFactory - << taskConfig executor: null
Mar-31 11:19:52.059 [main] DEBUG nextflow.executor.ExecutorFactory - >> processorType: 'local'
Mar-31 11:19:52.060 [main] DEBUG nextflow.processor.TaskProcessor - Creating process 'NORMALIZE_HVG': maxForks=0; fair=false; array=0
Mar-31 11:19:52.064 [main] DEBUG n.script.dsl.ProcessConfigBuilder - Config settings `withLabel:process_high` matches labels `process_high` for process with name DIMENSIONALITY_REDUCTION
Mar-31 11:19:52.066 [main] DEBUG nextflow.executor.ExecutorFactory - << taskConfig executor: null
Mar-31 11:19:52.066 [main] DEBUG nextflow.executor.ExecutorFactory - >> processorType: 'local'
Mar-31 11:19:52.067 [main] DEBUG nextflow.processor.TaskProcessor - Creating process 'DIMENSIONALITY_REDUCTION': maxForks=0; fair=false; array=0
Mar-31 11:19:52.104 [main] DEBUG nextflow.Session - Workflow process names [dsl2]: DIMENSIONALITY_REDUCTION, LOAD_DATA, QC_FILTER, NORMALIZE_HVG
Mar-31 11:19:52.108 [main] DEBUG nextflow.Session - Igniting dataflow network (4)
Mar-31 11:19:52.109 [main] DEBUG nextflow.processor.TaskProcessor - Starting process > LOAD_DATA
Mar-31 11:19:52.110 [main] DEBUG nextflow.processor.TaskProcessor - Starting process > QC_FILTER
Mar-31 11:19:52.111 [main] DEBUG nextflow.processor.TaskProcessor - Starting process > NORMALIZE_HVG
Mar-31 11:19:52.111 [main] DEBUG nextflow.processor.TaskProcessor - Starting process > DIMENSIONALITY_REDUCTION
Mar-31 11:19:52.113 [main] DEBUG nextflow.script.ScriptRunner - Parsed script files:
  Script_796e97c64d383a10: /home/luana/Workspace/Giotto-TDA/main.nf
  Script_62e320e27fdfb26a: /home/luana/Workspace/Giotto-TDA/modules/local/qc_filter.nf
  Script_1a39b02db53d092c: /home/luana/Workspace/Giotto-TDA/modules/local/dimensionality_reduction.nf
  Script_6df1196f7b784a80: /home/luana/Workspace/Giotto-TDA/modules/local/load_data.nf
  Script_180fe287b2d9b3ac: /home/luana/Workspace/Giotto-TDA/modules/local/normalize_hvg.nf
Mar-31 11:19:52.114 [main] DEBUG nextflow.script.ScriptRunner - > Awaiting termination 
Mar-31 11:19:52.114 [main] DEBUG nextflow.Session - Session await
Mar-31 11:19:52.387 [Task submitter] DEBUG n.executor.local.LocalTaskHandler - Launch cmd line: /bin/bash -ue .command.run
Mar-31 11:19:52.391 [Task submitter] INFO  nextflow.Session - [b7/2cf7d5] Submitted process > LOAD_DATA (pancreas)
Mar-31 11:19:52.494 [Task monitor] DEBUG n.processor.TaskPollingMonitor - Task completed > TaskHandler[id: 1; name: LOAD_DATA (pancreas); status: COMPLETED; exit: 127; error: -; workDir: /home/luana/Workspace/Giotto-TDA/work/b7/2cf7d59bd647444a56694201e0d35d]
Mar-31 11:19:52.496 [Task monitor] DEBUG nextflow.util.ThreadPoolBuilder - Creating thread pool 'TaskFinalizer' minSize=10; maxSize=36; workQueue=LinkedBlockingQueue[-1]; allowCoreThreadTimeout=false
Mar-31 11:19:52.521 [TaskFinalizer-1] DEBUG nextflow.processor.TaskProcessor - Handling unexpected condition for
  task: name=LOAD_DATA (pancreas); work-dir=/home/luana/Workspace/Giotto-TDA/work/b7/2cf7d59bd647444a56694201e0d35d
  error [nextflow.exception.ProcessFailedException]: Process `LOAD_DATA (pancreas)` terminated with an error exit status (127)
Mar-31 11:19:52.556 [TaskFinalizer-1] ERROR nextflow.processor.TaskProcessor - Error executing process > 'LOAD_DATA (pancreas)'

Caused by:
  Process `LOAD_DATA (pancreas)` terminated with an error exit status (127)


Command executed:

  touch pancreas_raw.h5ad

Command exit status:
  127

Command output:
  (empty)

Command error:
  .command.run: line 300: docker: command not found

Work dir:
  /home/luana/Workspace/Giotto-TDA/work/b7/2cf7d59bd647444a56694201e0d35d

Container:
  community.wave.seqera.io/library/python_scanpy_scvelo_anndata:8880c8fc704f18c2

Tip: you can replicate the issue by changing to the process work dir and entering the command `bash .command.run`
Mar-31 11:19:52.589 [main] DEBUG nextflow.Session - Session await > all processes finished
Mar-31 11:19:52.610 [TaskFinalizer-1] INFO  nextflow.Session - Execution cancelled -- Finishing pending tasks before exit
Mar-31 11:19:52.625 [Task monitor] DEBUG n.processor.TaskPollingMonitor - <<< barrier arrives (monitor: local) - terminating tasks monitor poll loop
Mar-31 11:19:52.625 [main] DEBUG nextflow.Session - Session await > all barriers passed
Mar-31 11:19:52.634 [main] DEBUG nextflow.util.ThreadPoolManager - Thread pool 'TaskFinalizer' shutdown completed (hard=false)
Mar-31 11:19:52.650 [main] DEBUG n.trace.WorkflowStatsObserver - Workflow completed > WorkflowStats[succeededCount=0; failedCount=1; ignoredCount=0; cachedCount=0; pendingCount=0; submittedCount=0; runningCount=0; retriesCount=0; abortedCount=0; succeedDuration=0ms; failedDuration=132ms; cachedDuration=0ms;loadCpus=0; loadMemory=0; peakRunning=1; peakCpus=2; peakMemory=8 GB; ]
Mar-31 11:19:52.768 [main] DEBUG nextflow.trace.ReportObserver - Workflow completed -- rendering execution report
Mar-31 11:19:53.491 [main] DEBUG nextflow.trace.TimelineObserver - Workflow completed -- rendering execution timeline
Mar-31 11:19:53.563 [main] DEBUG nextflow.trace.TraceFileObserver - Workflow completed -- saving trace file
Mar-31 11:19:53.571 [main] DEBUG nextflow.cache.CacheDB - Closing CacheDB done
Mar-31 11:19:53.599 [main] DEBUG nextflow.util.ThreadPoolManager - Thread pool 'FileTransfer' shutdown completed (hard=false)
Mar-31 11:19:53.600 [main] DEBUG nextflow.script.ScriptRunner - > Execution complete -- Goodbye
